<?xml version="1.0" encoding="UTF-8"?>
<!-- Generated by org.testng.reporters.JUnitXMLReporter -->
<testsuite ignored="0" hostname="NDPSLTP22-137" failures="2" tests="2" name="Test" time="34.335" errors="0" timestamp="2024-10-07T20:07:06 IST">
  <testcase classname="automationseleniumcoverfox.NewTest" name="g" time="0.011">
    <failure type="java.lang.AssertionError" message="If both matches, test fail&amp;apos;s did not expect [Velocity] but found [Velocity]">
      <![CDATA[java.lang.AssertionError: If both matches, test fail's did not expect [Velocity] but found [Velocity]
at automationseleniumcoverfox.NewTest.g(NewTest.java:18)
at java.base/java.util.ArrayList.forEach(ArrayList.java:1597)
... Removed 29 stack frames]]>
    </failure>
  </testcase> <!-- g -->
  <testcase classname="automationseleniumcoverfox.NewTest" name="k" time="34.284">
    <failure type="java.lang.AssertionError" message="If button displayed, test failed expected [false] but found [true]">
      <![CDATA[java.lang.AssertionError: If button displayed, test failed expected [false] but found [true]
at automationseleniumcoverfox.NewTest.k(NewTest.java:31)
at java.base/java.util.ArrayList.forEach(ArrayList.java:1597)
... Removed 28 stack frames]]>
    </failure>
  </testcase> <!-- k -->
</testsuite> <!-- Test -->
